<?xml version="1.0" encoding="UTF-8"?>
<!-- Generated by org.testng.reporters.JUnitReportReporter -->
<testsuite hostname="DESKTOP-DLC6ABM" failures="0" tests="1" name="juiceShop.RegisterPage" time="10.955" errors="0" timestamp="2024-08-30T00:13:59 PDT" skipped="0">
  <testcase classname="juiceShop.RegisterPage" name="register" time="10.955"/>
</testsuite> <!-- juiceShop.RegisterPage -->
