<?xml version="1.0" encoding="UTF-8"?>
<!-- Generated by org.testng.reporters.JUnitReportReporter -->
<testsuite hostname="DESKTOP-DLC6ABM" failures="0" tests="1" name="juiceShop.LoginPage" time="27.149" errors="0" timestamp="2024-08-30T00:13:59 PDT" skipped="0">
  <testcase classname="juiceShop.LoginPage" name="login" time="27.149"/>
</testsuite> <!-- juiceShop.LoginPage -->
